2024-07-20T12:51:40.661+02:00  INFO 13721 --- [API] [restartedMain] com.sportsminder.api.ApiApplication      : Starting ApiApplication using Java 17.0.11 with PID 13721 (/home/siulk/code/SportsMinder-Backend/target/classes started by siulk in /home/siulk/code/SportsMinder-Backend)
2024-07-20T12:51:40.672+02:00  INFO 13721 --- [API] [restartedMain] com.sportsminder.api.ApiApplication      : No active profile set, falling back to 1 default profile: "default"
2024-07-20T12:51:40.750+02:00  INFO 13721 --- [API] [restartedMain] .e.DevToolsPropertyDefaultsPostProcessor : Devtools property defaults active! Set 'spring.devtools.add-properties' to 'false' to disable
2024-07-20T12:51:40.750+02:00  INFO 13721 --- [API] [restartedMain] .e.DevToolsPropertyDefaultsPostProcessor : For additional web related logging consider setting the 'logging.level.web' property to 'DEBUG'
2024-07-20T12:51:41.539+02:00  INFO 13721 --- [API] [restartedMain] .s.d.r.c.RepositoryConfigurationDelegate : Bootstrapping Spring Data JPA repositories in DEFAULT mode.
2024-07-20T12:51:41.601+02:00  INFO 13721 --- [API] [restartedMain] .s.d.r.c.RepositoryConfigurationDelegate : Finished Spring Data repository scanning in 50 ms. Found 2 JPA repository interfaces.
2024-07-20T12:51:42.241+02:00  INFO 13721 --- [API] [restartedMain] o.s.b.w.embedded.tomcat.TomcatWebServer  : Tomcat initialized with port 8080 (http)
2024-07-20T12:51:42.259+02:00  INFO 13721 --- [API] [restartedMain] o.apache.catalina.core.StandardService   : Starting service [Tomcat]
2024-07-20T12:51:42.260+02:00  INFO 13721 --- [API] [restartedMain] o.apache.catalina.core.StandardEngine    : Starting Servlet engine: [Apache Tomcat/10.1.19]
2024-07-20T12:51:42.313+02:00  INFO 13721 --- [API] [restartedMain] o.a.c.c.C.[Tomcat].[localhost].[/]       : Initializing Spring embedded WebApplicationContext
2024-07-20T12:51:42.313+02:00  INFO 13721 --- [API] [restartedMain] w.s.c.ServletWebServerApplicationContext : Root WebApplicationContext: initialization completed in 1562 ms
2024-07-20T12:51:42.498+02:00  INFO 13721 --- [API] [restartedMain] o.hibernate.jpa.internal.util.LogHelper  : HHH000204: Processing PersistenceUnitInfo [name: default]
2024-07-20T12:51:42.588+02:00  INFO 13721 --- [API] [restartedMain] org.hibernate.Version                    : HHH000412: Hibernate ORM core version 6.4.4.Final
2024-07-20T12:51:42.679+02:00  INFO 13721 --- [API] [restartedMain] o.h.c.internal.RegionFactoryInitiator    : HHH000026: Second-level cache disabled
2024-07-20T12:51:42.943+02:00  INFO 13721 --- [API] [restartedMain] o.s.o.j.p.SpringPersistenceUnitInfo      : No LoadTimeWeaver setup: ignoring JPA class transformer
2024-07-20T12:51:42.982+02:00  INFO 13721 --- [API] [restartedMain] com.zaxxer.hikari.HikariDataSource       : HikariPool-1 - Starting...
2024-07-20T12:51:43.364+02:00  INFO 13721 --- [API] [restartedMain] com.zaxxer.hikari.pool.HikariPool        : HikariPool-1 - Added connection org.postgresql.jdbc.PgConnection@3c5bf4b8
2024-07-20T12:51:43.365+02:00  INFO 13721 --- [API] [restartedMain] com.zaxxer.hikari.HikariDataSource       : HikariPool-1 - Start completed.
2024-07-20T12:51:44.409+02:00  INFO 13721 --- [API] [restartedMain] o.h.e.t.j.p.i.JtaPlatformInitiator       : HHH000489: No JTA platform available (set 'hibernate.transaction.jta.platform' to enable JTA platform integration)
2024-07-20T12:51:44.527+02:00  INFO 13721 --- [API] [restartedMain] j.LocalContainerEntityManagerFactoryBean : Initialized JPA EntityManagerFactory for persistence unit 'default'
2024-07-20T12:51:44.890+02:00  INFO 13721 --- [API] [restartedMain] o.s.d.j.r.query.QueryEnhancerFactory     : Hibernate is in classpath; If applicable, HQL parser will be used.
2024-07-20T12:51:45.741+02:00  INFO 13721 --- [API] [restartedMain] o.s.b.d.a.OptionalLiveReloadServer       : LiveReload server is running on port 35729
2024-07-20T12:51:45.792+02:00  INFO 13721 --- [API] [restartedMain] o.s.b.w.embedded.tomcat.TomcatWebServer  : Tomcat started on port 8080 (http) with context path ''
2024-07-20T12:51:45.808+02:00  INFO 13721 --- [API] [restartedMain] com.sportsminder.api.ApiApplication      : Started ApiApplication in 5.769 seconds (process running for 6.22)
2024-07-20T12:52:34.778+02:00  INFO 13721 --- [API] [http-nio-8080-exec-1] o.a.c.c.C.[Tomcat].[localhost].[/]       : Initializing Spring DispatcherServlet 'dispatcherServlet'
2024-07-20T12:52:34.779+02:00  INFO 13721 --- [API] [http-nio-8080-exec-1] o.s.web.servlet.DispatcherServlet        : Initializing Servlet 'dispatcherServlet'
2024-07-20T12:52:34.780+02:00  INFO 13721 --- [API] [http-nio-8080-exec-1] o.s.web.servlet.DispatcherServlet        : Completed initialization in 1 ms
2024-07-20T12:53:04.906+02:00  WARN 13721 --- [API] [http-nio-8080-exec-9] .w.s.m.s.DefaultHandlerExceptionResolver : Resolved [org.springframework.web.HttpRequestMethodNotSupportedException: Request method 'POST' is not supported]
2024-07-20T12:53:22.189+02:00  WARN 13721 --- [API] [http-nio-8080-exec-2] .w.s.m.s.DefaultHandlerExceptionResolver : Resolved [org.springframework.web.HttpRequestMethodNotSupportedException: Request method 'POST' is not supported]
2024-07-20T13:36:50.836+02:00  INFO 13721 --- [API] [File Watcher] rtingClassPathChangeChangedEventListener : Restarting due to 1 class path change (0 additions, 0 deletions, 1 modification)
2024-07-20T13:36:50.881+02:00  INFO 13721 --- [API] [Thread-5] j.LocalContainerEntityManagerFactoryBean : Closing JPA EntityManagerFactory for persistence unit 'default'
2024-07-20T13:36:50.908+02:00  INFO 13721 --- [API] [Thread-5] com.zaxxer.hikari.HikariDataSource       : HikariPool-1 - Shutdown initiated...
2024-07-20T13:36:50.967+02:00  INFO 13721 --- [API] [Thread-5] com.zaxxer.hikari.HikariDataSource       : HikariPool-1 - Shutdown completed.
2024-07-20T13:36:51.343+02:00  INFO 13721 --- [API] [restartedMain] com.sportsminder.api.ApiApplication      : Starting ApiApplication using Java 17.0.11 with PID 13721 (/home/siulk/code/SportsMinder-Backend/target/classes started by siulk in /home/siulk/code/SportsMinder-Backend)
2024-07-20T13:36:51.343+02:00  INFO 13721 --- [API] [restartedMain] com.sportsminder.api.ApiApplication      : No active profile set, falling back to 1 default profile: "default"
2024-07-20T13:36:51.557+02:00  INFO 13721 --- [API] [restartedMain] .s.d.r.c.RepositoryConfigurationDelegate : Bootstrapping Spring Data JPA repositories in DEFAULT mode.
2024-07-20T13:36:51.572+02:00  INFO 13721 --- [API] [restartedMain] .s.d.r.c.RepositoryConfigurationDelegate : Finished Spring Data repository scanning in 13 ms. Found 2 JPA repository interfaces.
2024-07-20T13:36:51.805+02:00  INFO 13721 --- [API] [restartedMain] o.s.b.w.embedded.tomcat.TomcatWebServer  : Tomcat initialized with port 8080 (http)
2024-07-20T13:36:51.810+02:00  INFO 13721 --- [API] [restartedMain] o.apache.catalina.core.StandardService   : Starting service [Tomcat]
2024-07-20T13:36:51.812+02:00  INFO 13721 --- [API] [restartedMain] o.apache.catalina.core.StandardEngine    : Starting Servlet engine: [Apache Tomcat/10.1.19]
2024-07-20T13:36:51.837+02:00  INFO 13721 --- [API] [restartedMain] o.a.c.c.C.[Tomcat].[localhost].[/]       : Initializing Spring embedded WebApplicationContext
2024-07-20T13:36:51.840+02:00  INFO 13721 --- [API] [restartedMain] w.s.c.ServletWebServerApplicationContext : Root WebApplicationContext: initialization completed in 495 ms
2024-07-20T13:36:52.009+02:00  INFO 13721 --- [API] [restartedMain] o.hibernate.jpa.internal.util.LogHelper  : HHH000204: Processing PersistenceUnitInfo [name: default]
2024-07-20T13:36:52.021+02:00  INFO 13721 --- [API] [restartedMain] o.h.c.internal.RegionFactoryInitiator    : HHH000026: Second-level cache disabled
2024-07-20T13:36:52.039+02:00  INFO 13721 --- [API] [restartedMain] o.s.o.j.p.SpringPersistenceUnitInfo      : No LoadTimeWeaver setup: ignoring JPA class transformer
2024-07-20T13:36:52.043+02:00  INFO 13721 --- [API] [restartedMain] com.zaxxer.hikari.HikariDataSource       : HikariPool-2 - Starting...
2024-07-20T13:36:52.093+02:00  INFO 13721 --- [API] [restartedMain] com.zaxxer.hikari.pool.HikariPool        : HikariPool-2 - Added connection org.postgresql.jdbc.PgConnection@591f2aaf
2024-07-20T13:36:52.093+02:00  INFO 13721 --- [API] [restartedMain] com.zaxxer.hikari.HikariDataSource       : HikariPool-2 - Start completed.
2024-07-20T13:36:52.260+02:00  INFO 13721 --- [API] [restartedMain] o.h.e.t.j.p.i.JtaPlatformInitiator       : HHH000489: No JTA platform available (set 'hibernate.transaction.jta.platform' to enable JTA platform integration)
2024-07-20T13:36:52.311+02:00  INFO 13721 --- [API] [restartedMain] j.LocalContainerEntityManagerFactoryBean : Initialized JPA EntityManagerFactory for persistence unit 'default'
2024-07-20T13:36:52.766+02:00  INFO 13721 --- [API] [restartedMain] o.s.b.d.a.OptionalLiveReloadServer       : LiveReload server is running on port 35729
2024-07-20T13:36:52.778+02:00  INFO 13721 --- [API] [restartedMain] o.s.b.w.embedded.tomcat.TomcatWebServer  : Tomcat started on port 8080 (http) with context path ''
2024-07-20T13:36:52.788+02:00  INFO 13721 --- [API] [restartedMain] com.sportsminder.api.ApiApplication      : Started ApiApplication in 1.475 seconds (process running for 2713.199)
2024-07-20T13:36:52.790+02:00  INFO 13721 --- [API] [restartedMain] .ConditionEvaluationDeltaLoggingListener : Condition evaluation unchanged
2024-07-20T13:36:54.170+02:00  INFO 13721 --- [API] [File Watcher] rtingClassPathChangeChangedEventListener : Restarting due to 1 class path change (0 additions, 0 deletions, 1 modification)
2024-07-20T13:36:54.180+02:00  INFO 13721 --- [API] [Thread-7] j.LocalContainerEntityManagerFactoryBean : Closing JPA EntityManagerFactory for persistence unit 'default'
2024-07-20T13:36:54.182+02:00  INFO 13721 --- [API] [Thread-7] com.zaxxer.hikari.HikariDataSource       : HikariPool-2 - Shutdown initiated...
2024-07-20T13:36:54.203+02:00  INFO 13721 --- [API] [Thread-7] com.zaxxer.hikari.HikariDataSource       : HikariPool-2 - Shutdown completed.
2024-07-20T13:36:54.291+02:00  INFO 13721 --- [API] [restartedMain] com.sportsminder.api.ApiApplication      : Starting ApiApplication using Java 17.0.11 with PID 13721 (/home/siulk/code/SportsMinder-Backend/target/classes started by siulk in /home/siulk/code/SportsMinder-Backend)
2024-07-20T13:36:54.292+02:00  INFO 13721 --- [API] [restartedMain] com.sportsminder.api.ApiApplication      : No active profile set, falling back to 1 default profile: "default"
2024-07-20T13:36:54.447+02:00  INFO 13721 --- [API] [restartedMain] .s.d.r.c.RepositoryConfigurationDelegate : Bootstrapping Spring Data JPA repositories in DEFAULT mode.
2024-07-20T13:36:54.458+02:00  INFO 13721 --- [API] [restartedMain] .s.d.r.c.RepositoryConfigurationDelegate : Finished Spring Data repository scanning in 10 ms. Found 2 JPA repository interfaces.
2024-07-20T13:36:54.557+02:00  INFO 13721 --- [API] [restartedMain] o.s.b.w.embedded.tomcat.TomcatWebServer  : Tomcat initialized with port 8080 (http)
2024-07-20T13:36:54.558+02:00  INFO 13721 --- [API] [restartedMain] o.apache.catalina.core.StandardService   : Starting service [Tomcat]
2024-07-20T13:36:54.558+02:00  INFO 13721 --- [API] [restartedMain] o.apache.catalina.core.StandardEngine    : Starting Servlet engine: [Apache Tomcat/10.1.19]
2024-07-20T13:36:54.568+02:00  INFO 13721 --- [API] [restartedMain] o.a.c.c.C.[Tomcat].[localhost].[/]       : Initializing Spring embedded WebApplicationContext
2024-07-20T13:36:54.569+02:00  INFO 13721 --- [API] [restartedMain] w.s.c.ServletWebServerApplicationContext : Root WebApplicationContext: initialization completed in 276 ms
2024-07-20T13:36:54.611+02:00  INFO 13721 --- [API] [restartedMain] o.hibernate.jpa.internal.util.LogHelper  : HHH000204: Processing PersistenceUnitInfo [name: default]
2024-07-20T13:36:54.615+02:00  INFO 13721 --- [API] [restartedMain] o.h.c.internal.RegionFactoryInitiator    : HHH000026: Second-level cache disabled
2024-07-20T13:36:54.618+02:00  INFO 13721 --- [API] [restartedMain] o.s.o.j.p.SpringPersistenceUnitInfo      : No LoadTimeWeaver setup: ignoring JPA class transformer
2024-07-20T13:36:54.619+02:00  INFO 13721 --- [API] [restartedMain] com.zaxxer.hikari.HikariDataSource       : HikariPool-3 - Starting...
2024-07-20T13:36:54.651+02:00  INFO 13721 --- [API] [restartedMain] com.zaxxer.hikari.pool.HikariPool        : HikariPool-3 - Added connection org.postgresql.jdbc.PgConnection@3f06b7fc
2024-07-20T13:36:54.651+02:00  INFO 13721 --- [API] [restartedMain] com.zaxxer.hikari.HikariDataSource       : HikariPool-3 - Start completed.
2024-07-20T13:36:54.751+02:00  INFO 13721 --- [API] [restartedMain] o.h.e.t.j.p.i.JtaPlatformInitiator       : HHH000489: No JTA platform available (set 'hibernate.transaction.jta.platform' to enable JTA platform integration)
2024-07-20T13:36:54.787+02:00  INFO 13721 --- [API] [restartedMain] j.LocalContainerEntityManagerFactoryBean : Initialized JPA EntityManagerFactory for persistence unit 'default'
2024-07-20T13:36:55.000+02:00  INFO 13721 --- [API] [restartedMain] o.s.b.d.a.OptionalLiveReloadServer       : LiveReload server is running on port 35729
2024-07-20T13:36:55.018+02:00  INFO 13721 --- [API] [restartedMain] o.s.b.w.embedded.tomcat.TomcatWebServer  : Tomcat started on port 8080 (http) with context path ''
2024-07-20T13:36:55.025+02:00  INFO 13721 --- [API] [restartedMain] com.sportsminder.api.ApiApplication      : Started ApiApplication in 0.755 seconds (process running for 2715.436)
2024-07-20T13:36:55.027+02:00  INFO 13721 --- [API] [restartedMain] .ConditionEvaluationDeltaLoggingListener : Condition evaluation unchanged
2024-07-20T13:37:06.413+02:00  INFO 13721 --- [API] [File Watcher] rtingClassPathChangeChangedEventListener : Restarting due to 1 class path change (0 additions, 0 deletions, 1 modification)
2024-07-20T13:37:06.417+02:00  INFO 13721 --- [API] [Thread-11] j.LocalContainerEntityManagerFactoryBean : Closing JPA EntityManagerFactory for persistence unit 'default'
2024-07-20T13:37:06.418+02:00  INFO 13721 --- [API] [Thread-11] com.zaxxer.hikari.HikariDataSource       : HikariPool-3 - Shutdown initiated...
2024-07-20T13:37:06.438+02:00  INFO 13721 --- [API] [Thread-11] com.zaxxer.hikari.HikariDataSource       : HikariPool-3 - Shutdown completed.
2024-07-20T13:37:06.561+02:00  INFO 13721 --- [API] [restartedMain] com.sportsminder.api.ApiApplication      : Starting ApiApplication using Java 17.0.11 with PID 13721 (/home/siulk/code/SportsMinder-Backend/target/classes started by siulk in /home/siulk/code/SportsMinder-Backend)
2024-07-20T13:37:06.561+02:00  INFO 13721 --- [API] [restartedMain] com.sportsminder.api.ApiApplication      : No active profile set, falling back to 1 default profile: "default"
2024-07-20T13:37:06.741+02:00  INFO 13721 --- [API] [restartedMain] .s.d.r.c.RepositoryConfigurationDelegate : Bootstrapping Spring Data JPA repositories in DEFAULT mode.
2024-07-20T13:37:06.748+02:00  INFO 13721 --- [API] [restartedMain] .s.d.r.c.RepositoryConfigurationDelegate : Finished Spring Data repository scanning in 6 ms. Found 2 JPA repository interfaces.
2024-07-20T13:37:06.832+02:00  INFO 13721 --- [API] [restartedMain] o.s.b.w.embedded.tomcat.TomcatWebServer  : Tomcat initialized with port 8080 (http)
2024-07-20T13:37:06.833+02:00  INFO 13721 --- [API] [restartedMain] o.apache.catalina.core.StandardService   : Starting service [Tomcat]
2024-07-20T13:37:06.833+02:00  INFO 13721 --- [API] [restartedMain] o.apache.catalina.core.StandardEngine    : Starting Servlet engine: [Apache Tomcat/10.1.19]
2024-07-20T13:37:06.845+02:00  INFO 13721 --- [API] [restartedMain] o.a.c.c.C.[Tomcat].[localhost].[/]       : Initializing Spring embedded WebApplicationContext
2024-07-20T13:37:06.845+02:00  INFO 13721 --- [API] [restartedMain] w.s.c.ServletWebServerApplicationContext : Root WebApplicationContext: initialization completed in 282 ms
2024-07-20T13:37:06.916+02:00  INFO 13721 --- [API] [restartedMain] o.hibernate.jpa.internal.util.LogHelper  : HHH000204: Processing PersistenceUnitInfo [name: default]
2024-07-20T13:37:06.920+02:00  INFO 13721 --- [API] [restartedMain] o.h.c.internal.RegionFactoryInitiator    : HHH000026: Second-level cache disabled
2024-07-20T13:37:06.924+02:00  INFO 13721 --- [API] [restartedMain] o.s.o.j.p.SpringPersistenceUnitInfo      : No LoadTimeWeaver setup: ignoring JPA class transformer
2024-07-20T13:37:06.925+02:00  INFO 13721 --- [API] [restartedMain] com.zaxxer.hikari.HikariDataSource       : HikariPool-4 - Starting...
2024-07-20T13:37:06.995+02:00  INFO 13721 --- [API] [restartedMain] com.zaxxer.hikari.pool.HikariPool        : HikariPool-4 - Added connection org.postgresql.jdbc.PgConnection@30065fac
2024-07-20T13:37:06.996+02:00  INFO 13721 --- [API] [restartedMain] com.zaxxer.hikari.HikariDataSource       : HikariPool-4 - Start completed.
2024-07-20T13:37:07.062+02:00  INFO 13721 --- [API] [restartedMain] o.h.e.t.j.p.i.JtaPlatformInitiator       : HHH000489: No JTA platform available (set 'hibernate.transaction.jta.platform' to enable JTA platform integration)
2024-07-20T13:37:07.095+02:00  INFO 13721 --- [API] [restartedMain] j.LocalContainerEntityManagerFactoryBean : Initialized JPA EntityManagerFactory for persistence unit 'default'
2024-07-20T13:37:07.331+02:00  INFO 13721 --- [API] [restartedMain] o.s.b.d.a.OptionalLiveReloadServer       : LiveReload server is running on port 35729
2024-07-20T13:37:07.350+02:00  INFO 13721 --- [API] [restartedMain] o.s.b.w.embedded.tomcat.TomcatWebServer  : Tomcat started on port 8080 (http) with context path ''
2024-07-20T13:37:07.358+02:00  INFO 13721 --- [API] [restartedMain] com.sportsminder.api.ApiApplication      : Started ApiApplication in 0.82 seconds (process running for 2727.769)
2024-07-20T13:37:07.360+02:00  INFO 13721 --- [API] [restartedMain] .ConditionEvaluationDeltaLoggingListener : Condition evaluation unchanged
2024-07-20T13:37:10.829+02:00  INFO 13721 --- [API] [http-nio-8080-exec-1] o.a.c.c.C.[Tomcat].[localhost].[/]       : Initializing Spring DispatcherServlet 'dispatcherServlet'
2024-07-20T13:37:10.829+02:00  INFO 13721 --- [API] [http-nio-8080-exec-1] o.s.web.servlet.DispatcherServlet        : Initializing Servlet 'dispatcherServlet'
2024-07-20T13:37:10.830+02:00  INFO 13721 --- [API] [http-nio-8080-exec-1] o.s.web.servlet.DispatcherServlet        : Completed initialization in 1 ms
2024-07-20T13:43:55.309+02:00  INFO 13721 --- [API] [File Watcher] rtingClassPathChangeChangedEventListener : Restarting due to 1 class path change (0 additions, 0 deletions, 1 modification)
2024-07-20T13:43:55.321+02:00  INFO 13721 --- [API] [Thread-15] j.LocalContainerEntityManagerFactoryBean : Closing JPA EntityManagerFactory for persistence unit 'default'
2024-07-20T13:43:55.327+02:00  INFO 13721 --- [API] [Thread-15] com.zaxxer.hikari.HikariDataSource       : HikariPool-4 - Shutdown initiated...
2024-07-20T13:43:55.387+02:00  INFO 13721 --- [API] [Thread-15] com.zaxxer.hikari.HikariDataSource       : HikariPool-4 - Shutdown completed.
2024-07-20T13:43:55.521+02:00  INFO 13721 --- [API] [restartedMain] com.sportsminder.api.ApiApplication      : Starting ApiApplication using Java 17.0.11 with PID 13721 (/home/siulk/code/SportsMinder-Backend/target/classes started by siulk in /home/siulk/code/SportsMinder-Backend)
2024-07-20T13:43:55.521+02:00  INFO 13721 --- [API] [restartedMain] com.sportsminder.api.ApiApplication      : No active profile set, falling back to 1 default profile: "default"
2024-07-20T13:43:55.653+02:00  INFO 13721 --- [API] [restartedMain] .s.d.r.c.RepositoryConfigurationDelegate : Bootstrapping Spring Data JPA repositories in DEFAULT mode.
2024-07-20T13:43:55.662+02:00  INFO 13721 --- [API] [restartedMain] .s.d.r.c.RepositoryConfigurationDelegate : Finished Spring Data repository scanning in 8 ms. Found 2 JPA repository interfaces.
2024-07-20T13:43:55.767+02:00  INFO 13721 --- [API] [restartedMain] o.s.b.w.embedded.tomcat.TomcatWebServer  : Tomcat initialized with port 8080 (http)
2024-07-20T13:43:55.768+02:00  INFO 13721 --- [API] [restartedMain] o.apache.catalina.core.StandardService   : Starting service [Tomcat]
2024-07-20T13:43:55.769+02:00  INFO 13721 --- [API] [restartedMain] o.apache.catalina.core.StandardEngine    : Starting Servlet engine: [Apache Tomcat/10.1.19]
2024-07-20T13:43:55.784+02:00  INFO 13721 --- [API] [restartedMain] o.a.c.c.C.[Tomcat].[localhost].[/]       : Initializing Spring embedded WebApplicationContext
2024-07-20T13:43:55.784+02:00  INFO 13721 --- [API] [restartedMain] w.s.c.ServletWebServerApplicationContext : Root WebApplicationContext: initialization completed in 260 ms
2024-07-20T13:43:55.839+02:00  INFO 13721 --- [API] [restartedMain] o.hibernate.jpa.internal.util.LogHelper  : HHH000204: Processing PersistenceUnitInfo [name: default]
2024-07-20T13:43:55.841+02:00  INFO 13721 --- [API] [restartedMain] o.h.c.internal.RegionFactoryInitiator    : HHH000026: Second-level cache disabled
2024-07-20T13:43:55.845+02:00  INFO 13721 --- [API] [restartedMain] o.s.o.j.p.SpringPersistenceUnitInfo      : No LoadTimeWeaver setup: ignoring JPA class transformer
2024-07-20T13:43:55.847+02:00  INFO 13721 --- [API] [restartedMain] com.zaxxer.hikari.HikariDataSource       : HikariPool-5 - Starting...
2024-07-20T13:43:55.879+02:00  INFO 13721 --- [API] [restartedMain] com.zaxxer.hikari.pool.HikariPool        : HikariPool-5 - Added connection org.postgresql.jdbc.PgConnection@185b1488
2024-07-20T13:43:55.880+02:00  INFO 13721 --- [API] [restartedMain] com.zaxxer.hikari.HikariDataSource       : HikariPool-5 - Start completed.
2024-07-20T13:43:55.940+02:00  INFO 13721 --- [API] [restartedMain] o.h.e.t.j.p.i.JtaPlatformInitiator       : HHH000489: No JTA platform available (set 'hibernate.transaction.jta.platform' to enable JTA platform integration)
2024-07-20T13:43:55.972+02:00  INFO 13721 --- [API] [restartedMain] j.LocalContainerEntityManagerFactoryBean : Initialized JPA EntityManagerFactory for persistence unit 'default'
2024-07-20T13:43:55.981+02:00  WARN 13721 --- [API] [restartedMain] ConfigServletWebServerApplicationContext : Exception encountered during context initialization - cancelling refresh attempt: org.springframework.beans.factory.UnsatisfiedDependencyException: Error creating bean with name 'bookingController': Unsatisfied dependency expressed through field 'bookingService': Error creating bean with name 'bookingService' defined in file [/home/siulk/code/SportsMinder-Backend/target/classes/com/sportsminder/api/services/BookingService.class]: Failed to instantiate [com.sportsminder.api.services.BookingService]: Constructor threw exception
2024-07-20T13:43:55.982+02:00  INFO 13721 --- [API] [restartedMain] j.LocalContainerEntityManagerFactoryBean : Closing JPA EntityManagerFactory for persistence unit 'default'
2024-07-20T13:43:55.985+02:00  INFO 13721 --- [API] [restartedMain] com.zaxxer.hikari.HikariDataSource       : HikariPool-5 - Shutdown initiated...
2024-07-20T13:43:56.022+02:00  INFO 13721 --- [API] [restartedMain] com.zaxxer.hikari.HikariDataSource       : HikariPool-5 - Shutdown completed.
2024-07-20T13:43:56.023+02:00  INFO 13721 --- [API] [restartedMain] o.apache.catalina.core.StandardService   : Stopping service [Tomcat]
2024-07-20T13:43:56.029+02:00  INFO 13721 --- [API] [restartedMain] .s.b.a.l.ConditionEvaluationReportLogger : 

Error starting ApplicationContext. To display the condition evaluation report re-run your application with 'debug' enabled.
2024-07-20T13:43:56.049+02:00 ERROR 13721 --- [API] [restartedMain] o.s.boot.SpringApplication               : Application run failed

org.springframework.beans.factory.UnsatisfiedDependencyException: Error creating bean with name 'bookingController': Unsatisfied dependency expressed through field 'bookingService': Error creating bean with name 'bookingService' defined in file [/home/siulk/code/SportsMinder-Backend/target/classes/com/sportsminder/api/services/BookingService.class]: Failed to instantiate [com.sportsminder.api.services.BookingService]: Constructor threw exception
	at org.springframework.beans.factory.annotation.AutowiredAnnotationBeanPostProcessor$AutowiredFieldElement.resolveFieldValue(AutowiredAnnotationBeanPostProcessor.java:787) ~[spring-beans-6.1.5.jar:6.1.5]
	at org.springframework.beans.factory.annotation.AutowiredAnnotationBeanPostProcessor$AutowiredFieldElement.inject(AutowiredAnnotationBeanPostProcessor.java:767) ~[spring-beans-6.1.5.jar:6.1.5]
	at org.springframework.beans.factory.annotation.InjectionMetadata.inject(InjectionMetadata.java:145) ~[spring-beans-6.1.5.jar:6.1.5]
	at org.springframework.beans.factory.annotation.AutowiredAnnotationBeanPostProcessor.postProcessProperties(AutowiredAnnotationBeanPostProcessor.java:508) ~[spring-beans-6.1.5.jar:6.1.5]
	at org.springframework.beans.factory.support.AbstractAutowireCapableBeanFactory.populateBean(AbstractAutowireCapableBeanFactory.java:1419) ~[spring-beans-6.1.5.jar:6.1.5]
	at org.springframework.beans.factory.support.AbstractAutowireCapableBeanFactory.doCreateBean(AbstractAutowireCapableBeanFactory.java:599) ~[spring-beans-6.1.5.jar:6.1.5]
	at org.springframework.beans.factory.support.AbstractAutowireCapableBeanFactory.createBean(AbstractAutowireCapableBeanFactory.java:522) ~[spring-beans-6.1.5.jar:6.1.5]
	at org.springframework.beans.factory.support.AbstractBeanFactory.lambda$doGetBean$0(AbstractBeanFactory.java:326) ~[spring-beans-6.1.5.jar:6.1.5]
	at org.springframework.beans.factory.support.DefaultSingletonBeanRegistry.getSingleton(DefaultSingletonBeanRegistry.java:234) ~[spring-beans-6.1.5.jar:6.1.5]
	at org.springframework.beans.factory.support.AbstractBeanFactory.doGetBean(AbstractBeanFactory.java:324) ~[spring-beans-6.1.5.jar:6.1.5]
	at org.springframework.beans.factory.support.AbstractBeanFactory.getBean(AbstractBeanFactory.java:200) ~[spring-beans-6.1.5.jar:6.1.5]
	at org.springframework.beans.factory.support.DefaultListableBeanFactory.preInstantiateSingletons(DefaultListableBeanFactory.java:975) ~[spring-beans-6.1.5.jar:6.1.5]
	at org.springframework.context.support.AbstractApplicationContext.finishBeanFactoryInitialization(AbstractApplicationContext.java:962) ~[spring-context-6.1.5.jar:6.1.5]
	at org.springframework.context.support.AbstractApplicationContext.refresh(AbstractApplicationContext.java:624) ~[spring-context-6.1.5.jar:6.1.5]
	at org.springframework.boot.web.servlet.context.ServletWebServerApplicationContext.refresh(ServletWebServerApplicationContext.java:146) ~[spring-boot-3.2.4.jar:3.2.4]
	at org.springframework.boot.SpringApplication.refresh(SpringApplication.java:754) ~[spring-boot-3.2.4.jar:3.2.4]
	at org.springframework.boot.SpringApplication.refreshContext(SpringApplication.java:456) ~[spring-boot-3.2.4.jar:3.2.4]
	at org.springframework.boot.SpringApplication.run(SpringApplication.java:334) ~[spring-boot-3.2.4.jar:3.2.4]
	at org.springframework.boot.SpringApplication.run(SpringApplication.java:1354) ~[spring-boot-3.2.4.jar:3.2.4]
	at org.springframework.boot.SpringApplication.run(SpringApplication.java:1343) ~[spring-boot-3.2.4.jar:3.2.4]
	at com.sportsminder.api.ApiApplication.main(ApiApplication.java:16) ~[classes/:na]
	at java.base/jdk.internal.reflect.NativeMethodAccessorImpl.invoke0(Native Method) ~[na:na]
	at java.base/jdk.internal.reflect.NativeMethodAccessorImpl.invoke(NativeMethodAccessorImpl.java:77) ~[na:na]
	at java.base/jdk.internal.reflect.DelegatingMethodAccessorImpl.invoke(DelegatingMethodAccessorImpl.java:43) ~[na:na]
	at java.base/java.lang.reflect.Method.invoke(Method.java:568) ~[na:na]
	at org.springframework.boot.devtools.restart.RestartLauncher.run(RestartLauncher.java:50) ~[spring-boot-devtools-3.2.4.jar:3.2.4]
Caused by: org.springframework.beans.factory.BeanCreationException: Error creating bean with name 'bookingService' defined in file [/home/siulk/code/SportsMinder-Backend/target/classes/com/sportsminder/api/services/BookingService.class]: Failed to instantiate [com.sportsminder.api.services.BookingService]: Constructor threw exception
	at org.springframework.beans.factory.support.AbstractAutowireCapableBeanFactory.instantiateBean(AbstractAutowireCapableBeanFactory.java:1317) ~[spring-beans-6.1.5.jar:6.1.5]
	at org.springframework.beans.factory.support.AbstractAutowireCapableBeanFactory.createBeanInstance(AbstractAutowireCapableBeanFactory.java:1202) ~[spring-beans-6.1.5.jar:6.1.5]
	at org.springframework.beans.factory.support.AbstractAutowireCapableBeanFactory.doCreateBean(AbstractAutowireCapableBeanFactory.java:562) ~[spring-beans-6.1.5.jar:6.1.5]
	at org.springframework.beans.factory.support.AbstractAutowireCapableBeanFactory.createBean(AbstractAutowireCapableBeanFactory.java:522) ~[spring-beans-6.1.5.jar:6.1.5]
	at org.springframework.beans.factory.support.AbstractBeanFactory.lambda$doGetBean$0(AbstractBeanFactory.java:326) ~[spring-beans-6.1.5.jar:6.1.5]
	at org.springframework.beans.factory.support.DefaultSingletonBeanRegistry.getSingleton(DefaultSingletonBeanRegistry.java:234) ~[spring-beans-6.1.5.jar:6.1.5]
	at org.springframework.beans.factory.support.AbstractBeanFactory.doGetBean(AbstractBeanFactory.java:324) ~[spring-beans-6.1.5.jar:6.1.5]
	at org.springframework.beans.factory.support.AbstractBeanFactory.getBean(AbstractBeanFactory.java:200) ~[spring-beans-6.1.5.jar:6.1.5]
	at org.springframework.beans.factory.config.DependencyDescriptor.resolveCandidate(DependencyDescriptor.java:254) ~[spring-beans-6.1.5.jar:6.1.5]
	at org.springframework.beans.factory.support.DefaultListableBeanFactory.doResolveDependency(DefaultListableBeanFactory.java:1443) ~[spring-beans-6.1.5.jar:6.1.5]
	at org.springframework.beans.factory.support.DefaultListableBeanFactory.resolveDependency(DefaultListableBeanFactory.java:1353) ~[spring-beans-6.1.5.jar:6.1.5]
	at org.springframework.beans.factory.annotation.AutowiredAnnotationBeanPostProcessor$AutowiredFieldElement.resolveFieldValue(AutowiredAnnotationBeanPostProcessor.java:784) ~[spring-beans-6.1.5.jar:6.1.5]
	... 25 common frames omitted
Caused by: org.springframework.beans.BeanInstantiationException: Failed to instantiate [com.sportsminder.api.services.BookingService]: Constructor threw exception
	at org.springframework.beans.BeanUtils.instantiateClass(BeanUtils.java:221) ~[spring-beans-6.1.5.jar:6.1.5]
	at org.springframework.beans.factory.support.SimpleInstantiationStrategy.instantiate(SimpleInstantiationStrategy.java:88) ~[spring-beans-6.1.5.jar:6.1.5]
	at org.springframework.beans.factory.support.AbstractAutowireCapableBeanFactory.instantiateBean(AbstractAutowireCapableBeanFactory.java:1311) ~[spring-beans-6.1.5.jar:6.1.5]
	... 36 common frames omitted
Caused by: java.lang.Error: Unresolved compilation problems: 
	The method toLocalDate() is undefined for the type LocalTime
	The method toLocalDate() is undefined for the type LocalTime
	The method toLocalTime() is undefined for the type LocalTime

	at com.sportsminder.api.services.BookingService.<init>(BookingService.java:65) ~[classes/:na]
	at java.base/jdk.internal.reflect.NativeConstructorAccessorImpl.newInstance0(Native Method) ~[na:na]
	at java.base/jdk.internal.reflect.NativeConstructorAccessorImpl.newInstance(NativeConstructorAccessorImpl.java:77) ~[na:na]
	at java.base/jdk.internal.reflect.DelegatingConstructorAccessorImpl.newInstance(DelegatingConstructorAccessorImpl.java:45) ~[na:na]
	at java.base/java.lang.reflect.Constructor.newInstanceWithCaller(Constructor.java:499) ~[na:na]
	at java.base/java.lang.reflect.Constructor.newInstance(Constructor.java:480) ~[na:na]
	at org.springframework.beans.BeanUtils.instantiateClass(BeanUtils.java:195) ~[spring-beans-6.1.5.jar:6.1.5]
	... 38 common frames omitted

2024-07-20T13:45:08.624+02:00  INFO 13721 --- [API] [restartedMain] com.sportsminder.api.ApiApplication      : Starting ApiApplication using Java 17.0.11 with PID 13721 (/home/siulk/code/SportsMinder-Backend/target/classes started by siulk in /home/siulk/code/SportsMinder-Backend)
2024-07-20T13:45:08.625+02:00  INFO 13721 --- [API] [restartedMain] com.sportsminder.api.ApiApplication      : No active profile set, falling back to 1 default profile: "default"
2024-07-20T13:45:08.815+02:00  INFO 13721 --- [API] [restartedMain] .s.d.r.c.RepositoryConfigurationDelegate : Bootstrapping Spring Data JPA repositories in DEFAULT mode.
2024-07-20T13:45:08.823+02:00  INFO 13721 --- [API] [restartedMain] .s.d.r.c.RepositoryConfigurationDelegate : Finished Spring Data repository scanning in 7 ms. Found 2 JPA repository interfaces.
2024-07-20T13:45:08.943+02:00  INFO 13721 --- [API] [restartedMain] o.s.b.w.embedded.tomcat.TomcatWebServer  : Tomcat initialized with port 8080 (http)
2024-07-20T13:45:08.945+02:00  INFO 13721 --- [API] [restartedMain] o.apache.catalina.core.StandardService   : Starting service [Tomcat]
2024-07-20T13:45:08.946+02:00  INFO 13721 --- [API] [restartedMain] o.apache.catalina.core.StandardEngine    : Starting Servlet engine: [Apache Tomcat/10.1.19]
2024-07-20T13:45:08.955+02:00  INFO 13721 --- [API] [restartedMain] o.a.c.c.C.[Tomcat-1].[localhost].[/]     : Initializing Spring embedded WebApplicationContext
2024-07-20T13:45:08.957+02:00  INFO 13721 --- [API] [restartedMain] w.s.c.ServletWebServerApplicationContext : Root WebApplicationContext: initialization completed in 331 ms
2024-07-20T13:45:08.999+02:00  INFO 13721 --- [API] [restartedMain] o.hibernate.jpa.internal.util.LogHelper  : HHH000204: Processing PersistenceUnitInfo [name: default]
2024-07-20T13:45:09.001+02:00  INFO 13721 --- [API] [restartedMain] o.h.c.internal.RegionFactoryInitiator    : HHH000026: Second-level cache disabled
2024-07-20T13:45:09.004+02:00  INFO 13721 --- [API] [restartedMain] o.s.o.j.p.SpringPersistenceUnitInfo      : No LoadTimeWeaver setup: ignoring JPA class transformer
2024-07-20T13:45:09.005+02:00  INFO 13721 --- [API] [restartedMain] com.zaxxer.hikari.HikariDataSource       : HikariPool-6 - Starting...
2024-07-20T13:45:09.037+02:00  INFO 13721 --- [API] [restartedMain] com.zaxxer.hikari.pool.HikariPool        : HikariPool-6 - Added connection org.postgresql.jdbc.PgConnection@7e49a98b
2024-07-20T13:45:09.037+02:00  INFO 13721 --- [API] [restartedMain] com.zaxxer.hikari.HikariDataSource       : HikariPool-6 - Start completed.
2024-07-20T13:45:09.097+02:00  INFO 13721 --- [API] [restartedMain] o.h.e.t.j.p.i.JtaPlatformInitiator       : HHH000489: No JTA platform available (set 'hibernate.transaction.jta.platform' to enable JTA platform integration)
2024-07-20T13:45:09.125+02:00  INFO 13721 --- [API] [restartedMain] j.LocalContainerEntityManagerFactoryBean : Initialized JPA EntityManagerFactory for persistence unit 'default'
2024-07-20T13:45:09.362+02:00  INFO 13721 --- [API] [restartedMain] o.s.b.d.a.OptionalLiveReloadServer       : LiveReload server is running on port 35729
2024-07-20T13:45:09.380+02:00  INFO 13721 --- [API] [restartedMain] o.s.b.w.embedded.tomcat.TomcatWebServer  : Tomcat started on port 8080 (http) with context path ''
2024-07-20T13:45:09.386+02:00  INFO 13721 --- [API] [restartedMain] com.sportsminder.api.ApiApplication      : Started ApiApplication in 0.816 seconds (process running for 3209.798)
2024-07-20T13:45:09.389+02:00  INFO 13721 --- [API] [restartedMain] .ConditionEvaluationDeltaLoggingListener : Condition evaluation unchanged
2024-07-20T13:46:25.868+02:00  INFO 13721 --- [API] [File Watcher] rtingClassPathChangeChangedEventListener : Restarting due to 1 class path change (0 additions, 0 deletions, 1 modification)
2024-07-20T13:46:25.872+02:00  INFO 13721 --- [API] [Thread-19] j.LocalContainerEntityManagerFactoryBean : Closing JPA EntityManagerFactory for persistence unit 'default'
2024-07-20T13:46:25.873+02:00  INFO 13721 --- [API] [Thread-19] com.zaxxer.hikari.HikariDataSource       : HikariPool-6 - Shutdown initiated...
2024-07-20T13:46:25.889+02:00  INFO 13721 --- [API] [Thread-19] com.zaxxer.hikari.HikariDataSource       : HikariPool-6 - Shutdown completed.
2024-07-20T13:46:26.041+02:00  INFO 13721 --- [API] [restartedMain] com.sportsminder.api.ApiApplication      : Starting ApiApplication using Java 17.0.11 with PID 13721 (/home/siulk/code/SportsMinder-Backend/target/classes started by siulk in /home/siulk/code/SportsMinder-Backend)
2024-07-20T13:46:26.042+02:00  INFO 13721 --- [API] [restartedMain] com.sportsminder.api.ApiApplication      : No active profile set, falling back to 1 default profile: "default"
2024-07-20T13:46:26.189+02:00  INFO 13721 --- [API] [restartedMain] .s.d.r.c.RepositoryConfigurationDelegate : Bootstrapping Spring Data JPA repositories in DEFAULT mode.
2024-07-20T13:46:26.198+02:00  INFO 13721 --- [API] [restartedMain] .s.d.r.c.RepositoryConfigurationDelegate : Finished Spring Data repository scanning in 8 ms. Found 2 JPA repository interfaces.
2024-07-20T13:46:26.301+02:00  INFO 13721 --- [API] [restartedMain] o.s.b.w.embedded.tomcat.TomcatWebServer  : Tomcat initialized with port 8080 (http)
2024-07-20T13:46:26.302+02:00  INFO 13721 --- [API] [restartedMain] o.apache.catalina.core.StandardService   : Starting service [Tomcat]
2024-07-20T13:46:26.302+02:00  INFO 13721 --- [API] [restartedMain] o.apache.catalina.core.StandardEngine    : Starting Servlet engine: [Apache Tomcat/10.1.19]
2024-07-20T13:46:26.312+02:00  INFO 13721 --- [API] [restartedMain] o.a.c.c.C.[Tomcat-1].[localhost].[/]     : Initializing Spring embedded WebApplicationContext
2024-07-20T13:46:26.312+02:00  INFO 13721 --- [API] [restartedMain] w.s.c.ServletWebServerApplicationContext : Root WebApplicationContext: initialization completed in 269 ms
2024-07-20T13:46:26.367+02:00  INFO 13721 --- [API] [restartedMain] o.hibernate.jpa.internal.util.LogHelper  : HHH000204: Processing PersistenceUnitInfo [name: default]
2024-07-20T13:46:26.368+02:00  INFO 13721 --- [API] [restartedMain] o.h.c.internal.RegionFactoryInitiator    : HHH000026: Second-level cache disabled
2024-07-20T13:46:26.371+02:00  INFO 13721 --- [API] [restartedMain] o.s.o.j.p.SpringPersistenceUnitInfo      : No LoadTimeWeaver setup: ignoring JPA class transformer
2024-07-20T13:46:26.372+02:00  INFO 13721 --- [API] [restartedMain] com.zaxxer.hikari.HikariDataSource       : HikariPool-7 - Starting...
2024-07-20T13:46:26.436+02:00  INFO 13721 --- [API] [restartedMain] com.zaxxer.hikari.pool.HikariPool        : HikariPool-7 - Added connection org.postgresql.jdbc.PgConnection@215417b4
2024-07-20T13:46:26.436+02:00  INFO 13721 --- [API] [restartedMain] com.zaxxer.hikari.HikariDataSource       : HikariPool-7 - Start completed.
2024-07-20T13:46:26.524+02:00  INFO 13721 --- [API] [restartedMain] o.h.e.t.j.p.i.JtaPlatformInitiator       : HHH000489: No JTA platform available (set 'hibernate.transaction.jta.platform' to enable JTA platform integration)
2024-07-20T13:46:26.591+02:00  INFO 13721 --- [API] [restartedMain] j.LocalContainerEntityManagerFactoryBean : Initialized JPA EntityManagerFactory for persistence unit 'default'
2024-07-20T13:46:26.986+02:00  INFO 13721 --- [API] [restartedMain] o.s.b.d.a.OptionalLiveReloadServer       : LiveReload server is running on port 35729
2024-07-20T13:46:27.019+02:00  INFO 13721 --- [API] [restartedMain] o.s.b.w.embedded.tomcat.TomcatWebServer  : Tomcat started on port 8080 (http) with context path ''
2024-07-20T13:46:27.025+02:00  INFO 13721 --- [API] [restartedMain] com.sportsminder.api.ApiApplication      : Started ApiApplication in 1.003 seconds (process running for 3287.436)
2024-07-20T13:46:27.026+02:00  INFO 13721 --- [API] [restartedMain] .ConditionEvaluationDeltaLoggingListener : Condition evaluation unchanged
2024-07-20T13:46:28.388+02:00  INFO 13721 --- [API] [File Watcher] rtingClassPathChangeChangedEventListener : Restarting due to 1 class path change (0 additions, 0 deletions, 1 modification)
2024-07-20T13:46:28.394+02:00  INFO 13721 --- [API] [Thread-26] j.LocalContainerEntityManagerFactoryBean : Closing JPA EntityManagerFactory for persistence unit 'default'
2024-07-20T13:46:28.394+02:00  INFO 13721 --- [API] [Thread-26] com.zaxxer.hikari.HikariDataSource       : HikariPool-7 - Shutdown initiated...
2024-07-20T13:46:28.422+02:00  INFO 13721 --- [API] [Thread-26] com.zaxxer.hikari.HikariDataSource       : HikariPool-7 - Shutdown completed.
2024-07-20T13:46:28.557+02:00  INFO 13721 --- [API] [restartedMain] com.sportsminder.api.ApiApplication      : Starting ApiApplication using Java 17.0.11 with PID 13721 (/home/siulk/code/SportsMinder-Backend/target/classes started by siulk in /home/siulk/code/SportsMinder-Backend)
2024-07-20T13:46:28.558+02:00  INFO 13721 --- [API] [restartedMain] com.sportsminder.api.ApiApplication      : No active profile set, falling back to 1 default profile: "default"
2024-07-20T13:46:28.711+02:00  INFO 13721 --- [API] [restartedMain] .s.d.r.c.RepositoryConfigurationDelegate : Bootstrapping Spring Data JPA repositories in DEFAULT mode.
2024-07-20T13:46:28.719+02:00  INFO 13721 --- [API] [restartedMain] .s.d.r.c.RepositoryConfigurationDelegate : Finished Spring Data repository scanning in 6 ms. Found 2 JPA repository interfaces.
2024-07-20T13:46:28.867+02:00  INFO 13721 --- [API] [restartedMain] o.s.b.w.embedded.tomcat.TomcatWebServer  : Tomcat initialized with port 8080 (http)
2024-07-20T13:46:28.870+02:00  INFO 13721 --- [API] [restartedMain] o.apache.catalina.core.StandardService   : Starting service [Tomcat]
2024-07-20T13:46:28.871+02:00  INFO 13721 --- [API] [restartedMain] o.apache.catalina.core.StandardEngine    : Starting Servlet engine: [Apache Tomcat/10.1.19]
2024-07-20T13:46:28.888+02:00  INFO 13721 --- [API] [restartedMain] o.a.c.c.C.[Tomcat-1].[localhost].[/]     : Initializing Spring embedded WebApplicationContext
2024-07-20T13:46:28.888+02:00  INFO 13721 --- [API] [restartedMain] w.s.c.ServletWebServerApplicationContext : Root WebApplicationContext: initialization completed in 329 ms
2024-07-20T13:46:28.967+02:00  INFO 13721 --- [API] [restartedMain] o.hibernate.jpa.internal.util.LogHelper  : HHH000204: Processing PersistenceUnitInfo [name: default]
2024-07-20T13:46:28.970+02:00  INFO 13721 --- [API] [restartedMain] o.h.c.internal.RegionFactoryInitiator    : HHH000026: Second-level cache disabled
2024-07-20T13:46:28.973+02:00  INFO 13721 --- [API] [restartedMain] o.s.o.j.p.SpringPersistenceUnitInfo      : No LoadTimeWeaver setup: ignoring JPA class transformer
2024-07-20T13:46:28.974+02:00  INFO 13721 --- [API] [restartedMain] com.zaxxer.hikari.HikariDataSource       : HikariPool-8 - Starting...
2024-07-20T13:46:29.030+02:00  INFO 13721 --- [API] [restartedMain] com.zaxxer.hikari.pool.HikariPool        : HikariPool-8 - Added connection org.postgresql.jdbc.PgConnection@13a95a54
2024-07-20T13:46:29.030+02:00  INFO 13721 --- [API] [restartedMain] com.zaxxer.hikari.HikariDataSource       : HikariPool-8 - Start completed.
2024-07-20T13:46:29.111+02:00  INFO 13721 --- [API] [restartedMain] o.h.e.t.j.p.i.JtaPlatformInitiator       : HHH000489: No JTA platform available (set 'hibernate.transaction.jta.platform' to enable JTA platform integration)
2024-07-20T13:46:29.157+02:00  INFO 13721 --- [API] [restartedMain] j.LocalContainerEntityManagerFactoryBean : Initialized JPA EntityManagerFactory for persistence unit 'default'
2024-07-20T13:46:29.543+02:00  INFO 13721 --- [API] [restartedMain] o.s.b.d.a.OptionalLiveReloadServer       : LiveReload server is running on port 35729
2024-07-20T13:46:29.599+02:00  INFO 13721 --- [API] [restartedMain] o.s.b.w.embedded.tomcat.TomcatWebServer  : Tomcat started on port 8080 (http) with context path ''
2024-07-20T13:46:29.605+02:00  INFO 13721 --- [API] [restartedMain] com.sportsminder.api.ApiApplication      : Started ApiApplication in 1.065 seconds (process running for 3290.017)
2024-07-20T13:46:29.607+02:00  INFO 13721 --- [API] [restartedMain] .ConditionEvaluationDeltaLoggingListener : Condition evaluation unchanged
2024-07-20T13:46:30.952+02:00  INFO 13721 --- [API] [File Watcher] rtingClassPathChangeChangedEventListener : Restarting due to 1 class path change (0 additions, 0 deletions, 1 modification)
2024-07-20T13:46:30.961+02:00  INFO 13721 --- [API] [Thread-30] j.LocalContainerEntityManagerFactoryBean : Closing JPA EntityManagerFactory for persistence unit 'default'
2024-07-20T13:46:30.962+02:00  INFO 13721 --- [API] [Thread-30] com.zaxxer.hikari.HikariDataSource       : HikariPool-8 - Shutdown initiated...
2024-07-20T13:46:30.991+02:00  INFO 13721 --- [API] [Thread-30] com.zaxxer.hikari.HikariDataSource       : HikariPool-8 - Shutdown completed.
2024-07-20T13:46:31.098+02:00  INFO 13721 --- [API] [restartedMain] com.sportsminder.api.ApiApplication      : Starting ApiApplication using Java 17.0.11 with PID 13721 (/home/siulk/code/SportsMinder-Backend/target/classes started by siulk in /home/siulk/code/SportsMinder-Backend)
2024-07-20T13:46:31.098+02:00  INFO 13721 --- [API] [restartedMain] com.sportsminder.api.ApiApplication      : No active profile set, falling back to 1 default profile: "default"
2024-07-20T13:46:31.207+02:00  INFO 13721 --- [API] [restartedMain] .s.d.r.c.RepositoryConfigurationDelegate : Bootstrapping Spring Data JPA repositories in DEFAULT mode.
2024-07-20T13:46:31.213+02:00  INFO 13721 --- [API] [restartedMain] .s.d.r.c.RepositoryConfigurationDelegate : Finished Spring Data repository scanning in 4 ms. Found 2 JPA repository interfaces.
2024-07-20T13:46:31.288+02:00  INFO 13721 --- [API] [restartedMain] o.s.b.w.embedded.tomcat.TomcatWebServer  : Tomcat initialized with port 8080 (http)
2024-07-20T13:46:31.288+02:00  INFO 13721 --- [API] [restartedMain] o.apache.catalina.core.StandardService   : Starting service [Tomcat]
2024-07-20T13:46:31.289+02:00  INFO 13721 --- [API] [restartedMain] o.apache.catalina.core.StandardEngine    : Starting Servlet engine: [Apache Tomcat/10.1.19]
2024-07-20T13:46:31.297+02:00  INFO 13721 --- [API] [restartedMain] o.a.c.c.C.[Tomcat-1].[localhost].[/]     : Initializing Spring embedded WebApplicationContext
2024-07-20T13:46:31.297+02:00  INFO 13721 --- [API] [restartedMain] w.s.c.ServletWebServerApplicationContext : Root WebApplicationContext: initialization completed in 198 ms
2024-07-20T13:46:31.332+02:00  INFO 13721 --- [API] [restartedMain] o.hibernate.jpa.internal.util.LogHelper  : HHH000204: Processing PersistenceUnitInfo [name: default]
2024-07-20T13:46:31.335+02:00  INFO 13721 --- [API] [restartedMain] o.h.c.internal.RegionFactoryInitiator    : HHH000026: Second-level cache disabled
2024-07-20T13:46:31.337+02:00  INFO 13721 --- [API] [restartedMain] o.s.o.j.p.SpringPersistenceUnitInfo      : No LoadTimeWeaver setup: ignoring JPA class transformer
2024-07-20T13:46:31.338+02:00  INFO 13721 --- [API] [restartedMain] com.zaxxer.hikari.HikariDataSource       : HikariPool-9 - Starting...
2024-07-20T13:46:31.368+02:00  INFO 13721 --- [API] [restartedMain] com.zaxxer.hikari.pool.HikariPool        : HikariPool-9 - Added connection org.postgresql.jdbc.PgConnection@7ff0b4fe
2024-07-20T13:46:31.368+02:00  INFO 13721 --- [API] [restartedMain] com.zaxxer.hikari.HikariDataSource       : HikariPool-9 - Start completed.
2024-07-20T13:46:31.416+02:00  INFO 13721 --- [API] [restartedMain] o.h.e.t.j.p.i.JtaPlatformInitiator       : HHH000489: No JTA platform available (set 'hibernate.transaction.jta.platform' to enable JTA platform integration)
2024-07-20T13:46:31.447+02:00  INFO 13721 --- [API] [restartedMain] j.LocalContainerEntityManagerFactoryBean : Initialized JPA EntityManagerFactory for persistence unit 'default'
2024-07-20T13:46:31.654+02:00  INFO 13721 --- [API] [restartedMain] o.s.b.d.a.OptionalLiveReloadServer       : LiveReload server is running on port 35729
2024-07-20T13:46:31.663+02:00  INFO 13721 --- [API] [restartedMain] o.s.b.w.embedded.tomcat.TomcatWebServer  : Tomcat started on port 8080 (http) with context path ''
2024-07-20T13:46:31.671+02:00  INFO 13721 --- [API] [restartedMain] com.sportsminder.api.ApiApplication      : Started ApiApplication in 0.589 seconds (process running for 3292.082)
2024-07-20T13:46:31.673+02:00  INFO 13721 --- [API] [restartedMain] .ConditionEvaluationDeltaLoggingListener : Condition evaluation unchanged
2024-07-20T13:46:37.059+02:00  INFO 13721 --- [API] [File Watcher] rtingClassPathChangeChangedEventListener : Restarting due to 1 class path change (0 additions, 0 deletions, 1 modification)
2024-07-20T13:46:37.066+02:00  INFO 13721 --- [API] [Thread-34] j.LocalContainerEntityManagerFactoryBean : Closing JPA EntityManagerFactory for persistence unit 'default'
2024-07-20T13:46:37.069+02:00  INFO 13721 --- [API] [Thread-34] com.zaxxer.hikari.HikariDataSource       : HikariPool-9 - Shutdown initiated...
2024-07-20T13:46:37.093+02:00  INFO 13721 --- [API] [Thread-34] com.zaxxer.hikari.HikariDataSource       : HikariPool-9 - Shutdown completed.
2024-07-20T13:46:37.207+02:00  INFO 13721 --- [API] [restartedMain] com.sportsminder.api.ApiApplication      : Starting ApiApplication using Java 17.0.11 with PID 13721 (/home/siulk/code/SportsMinder-Backend/target/classes started by siulk in /home/siulk/code/SportsMinder-Backend)
2024-07-20T13:46:37.208+02:00  INFO 13721 --- [API] [restartedMain] com.sportsminder.api.ApiApplication      : No active profile set, falling back to 1 default profile: "default"
2024-07-20T13:46:37.356+02:00  INFO 13721 --- [API] [restartedMain] .s.d.r.c.RepositoryConfigurationDelegate : Bootstrapping Spring Data JPA repositories in DEFAULT mode.
2024-07-20T13:46:37.365+02:00  INFO 13721 --- [API] [restartedMain] .s.d.r.c.RepositoryConfigurationDelegate : Finished Spring Data repository scanning in 7 ms. Found 2 JPA repository interfaces.
2024-07-20T13:46:37.455+02:00  INFO 13721 --- [API] [restartedMain] o.s.b.w.embedded.tomcat.TomcatWebServer  : Tomcat initialized with port 8080 (http)
2024-07-20T13:46:37.456+02:00  INFO 13721 --- [API] [restartedMain] o.apache.catalina.core.StandardService   : Starting service [Tomcat]
2024-07-20T13:46:37.456+02:00  INFO 13721 --- [API] [restartedMain] o.apache.catalina.core.StandardEngine    : Starting Servlet engine: [Apache Tomcat/10.1.19]
2024-07-20T13:46:37.462+02:00  INFO 13721 --- [API] [restartedMain] o.a.c.c.C.[Tomcat-1].[localhost].[/]     : Initializing Spring embedded WebApplicationContext
2024-07-20T13:46:37.462+02:00  INFO 13721 --- [API] [restartedMain] w.s.c.ServletWebServerApplicationContext : Root WebApplicationContext: initialization completed in 252 ms
2024-07-20T13:46:37.499+02:00  INFO 13721 --- [API] [restartedMain] o.hibernate.jpa.internal.util.LogHelper  : HHH000204: Processing PersistenceUnitInfo [name: default]
2024-07-20T13:46:37.500+02:00  INFO 13721 --- [API] [restartedMain] o.h.c.internal.RegionFactoryInitiator    : HHH000026: Second-level cache disabled
2024-07-20T13:46:37.503+02:00  INFO 13721 --- [API] [restartedMain] o.s.o.j.p.SpringPersistenceUnitInfo      : No LoadTimeWeaver setup: ignoring JPA class transformer
2024-07-20T13:46:37.503+02:00  INFO 13721 --- [API] [restartedMain] com.zaxxer.hikari.HikariDataSource       : HikariPool-10 - Starting...
2024-07-20T13:46:37.533+02:00  INFO 13721 --- [API] [restartedMain] com.zaxxer.hikari.pool.HikariPool        : HikariPool-10 - Added connection org.postgresql.jdbc.PgConnection@70b6aef6
2024-07-20T13:46:37.533+02:00  INFO 13721 --- [API] [restartedMain] com.zaxxer.hikari.HikariDataSource       : HikariPool-10 - Start completed.
2024-07-20T13:46:37.581+02:00  INFO 13721 --- [API] [restartedMain] o.h.e.t.j.p.i.JtaPlatformInitiator       : HHH000489: No JTA platform available (set 'hibernate.transaction.jta.platform' to enable JTA platform integration)
2024-07-20T13:46:37.607+02:00  INFO 13721 --- [API] [restartedMain] j.LocalContainerEntityManagerFactoryBean : Initialized JPA EntityManagerFactory for persistence unit 'default'
2024-07-20T13:46:37.807+02:00  INFO 13721 --- [API] [restartedMain] o.s.b.d.a.OptionalLiveReloadServer       : LiveReload server is running on port 35729
2024-07-20T13:46:37.822+02:00  INFO 13721 --- [API] [restartedMain] o.s.b.w.embedded.tomcat.TomcatWebServer  : Tomcat started on port 8080 (http) with context path ''
2024-07-20T13:46:37.828+02:00  INFO 13721 --- [API] [restartedMain] com.sportsminder.api.ApiApplication      : Started ApiApplication in 0.639 seconds (process running for 3298.239)
2024-07-20T13:46:37.830+02:00  INFO 13721 --- [API] [restartedMain] .ConditionEvaluationDeltaLoggingListener : Condition evaluation unchanged
2024-07-20T13:46:52.250+02:00  INFO 13721 --- [API] [File Watcher] rtingClassPathChangeChangedEventListener : Restarting due to 1 class path change (0 additions, 0 deletions, 1 modification)
2024-07-20T13:46:52.262+02:00  INFO 13721 --- [API] [Thread-38] j.LocalContainerEntityManagerFactoryBean : Closing JPA EntityManagerFactory for persistence unit 'default'
2024-07-20T13:46:52.263+02:00  INFO 13721 --- [API] [Thread-38] com.zaxxer.hikari.HikariDataSource       : HikariPool-10 - Shutdown initiated...
2024-07-20T13:46:52.292+02:00  INFO 13721 --- [API] [Thread-38] com.zaxxer.hikari.HikariDataSource       : HikariPool-10 - Shutdown completed.
2024-07-20T13:46:52.392+02:00  INFO 13721 --- [API] [restartedMain] com.sportsminder.api.ApiApplication      : Starting ApiApplication using Java 17.0.11 with PID 13721 (/home/siulk/code/SportsMinder-Backend/target/classes started by siulk in /home/siulk/code/SportsMinder-Backend)
2024-07-20T13:46:52.393+02:00  INFO 13721 --- [API] [restartedMain] com.sportsminder.api.ApiApplication      : No active profile set, falling back to 1 default profile: "default"
2024-07-20T13:46:52.497+02:00  INFO 13721 --- [API] [restartedMain] .s.d.r.c.RepositoryConfigurationDelegate : Bootstrapping Spring Data JPA repositories in DEFAULT mode.
2024-07-20T13:46:52.502+02:00  INFO 13721 --- [API] [restartedMain] .s.d.r.c.RepositoryConfigurationDelegate : Finished Spring Data repository scanning in 4 ms. Found 2 JPA repository interfaces.
2024-07-20T13:46:52.576+02:00  INFO 13721 --- [API] [restartedMain] o.s.b.w.embedded.tomcat.TomcatWebServer  : Tomcat initialized with port 8080 (http)
2024-07-20T13:46:52.577+02:00  INFO 13721 --- [API] [restartedMain] o.apache.catalina.core.StandardService   : Starting service [Tomcat]
2024-07-20T13:46:52.577+02:00  INFO 13721 --- [API] [restartedMain] o.apache.catalina.core.StandardEngine    : Starting Servlet engine: [Apache Tomcat/10.1.19]
2024-07-20T13:46:52.583+02:00  INFO 13721 --- [API] [restartedMain] o.a.c.c.C.[Tomcat-1].[localhost].[/]     : Initializing Spring embedded WebApplicationContext
2024-07-20T13:46:52.584+02:00  INFO 13721 --- [API] [restartedMain] w.s.c.ServletWebServerApplicationContext : Root WebApplicationContext: initialization completed in 190 ms
2024-07-20T13:46:52.619+02:00  INFO 13721 --- [API] [restartedMain] o.hibernate.jpa.internal.util.LogHelper  : HHH000204: Processing PersistenceUnitInfo [name: default]
2024-07-20T13:46:52.621+02:00  INFO 13721 --- [API] [restartedMain] o.h.c.internal.RegionFactoryInitiator    : HHH000026: Second-level cache disabled
2024-07-20T13:46:52.624+02:00  INFO 13721 --- [API] [restartedMain] o.s.o.j.p.SpringPersistenceUnitInfo      : No LoadTimeWeaver setup: ignoring JPA class transformer
2024-07-20T13:46:52.625+02:00  INFO 13721 --- [API] [restartedMain] com.zaxxer.hikari.HikariDataSource       : HikariPool-11 - Starting...
2024-07-20T13:46:52.656+02:00  INFO 13721 --- [API] [restartedMain] com.zaxxer.hikari.pool.HikariPool        : HikariPool-11 - Added connection org.postgresql.jdbc.PgConnection@2fe50d52
2024-07-20T13:46:52.657+02:00  INFO 13721 --- [API] [restartedMain] com.zaxxer.hikari.HikariDataSource       : HikariPool-11 - Start completed.
2024-07-20T13:46:52.710+02:00  INFO 13721 --- [API] [restartedMain] o.h.e.t.j.p.i.JtaPlatformInitiator       : HHH000489: No JTA platform available (set 'hibernate.transaction.jta.platform' to enable JTA platform integration)
2024-07-20T13:46:52.745+02:00  INFO 13721 --- [API] [restartedMain] j.LocalContainerEntityManagerFactoryBean : Initialized JPA EntityManagerFactory for persistence unit 'default'
2024-07-20T13:46:53.037+02:00  INFO 13721 --- [API] [restartedMain] o.s.b.d.a.OptionalLiveReloadServer       : LiveReload server is running on port 35729
2024-07-20T13:46:53.061+02:00  INFO 13721 --- [API] [restartedMain] o.s.b.w.embedded.tomcat.TomcatWebServer  : Tomcat started on port 8080 (http) with context path ''
2024-07-20T13:46:53.076+02:00  INFO 13721 --- [API] [restartedMain] com.sportsminder.api.ApiApplication      : Started ApiApplication in 0.703 seconds (process running for 3313.488)
2024-07-20T13:46:53.078+02:00  INFO 13721 --- [API] [restartedMain] .ConditionEvaluationDeltaLoggingListener : Condition evaluation unchanged
2024-07-20T13:46:54.451+02:00  INFO 13721 --- [API] [File Watcher] rtingClassPathChangeChangedEventListener : Restarting due to 1 class path change (0 additions, 0 deletions, 1 modification)
2024-07-20T13:46:54.454+02:00  INFO 13721 --- [API] [Thread-42] j.LocalContainerEntityManagerFactoryBean : Closing JPA EntityManagerFactory for persistence unit 'default'
2024-07-20T13:46:54.455+02:00  INFO 13721 --- [API] [Thread-42] com.zaxxer.hikari.HikariDataSource       : HikariPool-11 - Shutdown initiated...
2024-07-20T13:46:54.467+02:00  INFO 13721 --- [API] [Thread-42] com.zaxxer.hikari.HikariDataSource       : HikariPool-11 - Shutdown completed.
2024-07-20T13:46:54.538+02:00  INFO 13721 --- [API] [restartedMain] com.sportsminder.api.ApiApplication      : Starting ApiApplication using Java 17.0.11 with PID 13721 (/home/siulk/code/SportsMinder-Backend/target/classes started by siulk in /home/siulk/code/SportsMinder-Backend)
2024-07-20T13:46:54.538+02:00  INFO 13721 --- [API] [restartedMain] com.sportsminder.api.ApiApplication      : No active profile set, falling back to 1 default profile: "default"
2024-07-20T13:46:54.640+02:00  INFO 13721 --- [API] [restartedMain] .s.d.r.c.RepositoryConfigurationDelegate : Bootstrapping Spring Data JPA repositories in DEFAULT mode.
2024-07-20T13:46:54.645+02:00  INFO 13721 --- [API] [restartedMain] .s.d.r.c.RepositoryConfigurationDelegate : Finished Spring Data repository scanning in 4 ms. Found 2 JPA repository interfaces.
2024-07-20T13:46:54.726+02:00  INFO 13721 --- [API] [restartedMain] o.s.b.w.embedded.tomcat.TomcatWebServer  : Tomcat initialized with port 8080 (http)
2024-07-20T13:46:54.726+02:00  INFO 13721 --- [API] [restartedMain] o.apache.catalina.core.StandardService   : Starting service [Tomcat]
2024-07-20T13:46:54.727+02:00  INFO 13721 --- [API] [restartedMain] o.apache.catalina.core.StandardEngine    : Starting Servlet engine: [Apache Tomcat/10.1.19]
2024-07-20T13:46:54.734+02:00  INFO 13721 --- [API] [restartedMain] o.a.c.c.C.[Tomcat-1].[localhost].[/]     : Initializing Spring embedded WebApplicationContext
2024-07-20T13:46:54.734+02:00  INFO 13721 --- [API] [restartedMain] w.s.c.ServletWebServerApplicationContext : Root WebApplicationContext: initialization completed in 195 ms
2024-07-20T13:46:54.771+02:00  INFO 13721 --- [API] [restartedMain] o.hibernate.jpa.internal.util.LogHelper  : HHH000204: Processing PersistenceUnitInfo [name: default]
2024-07-20T13:46:54.772+02:00  INFO 13721 --- [API] [restartedMain] o.h.c.internal.RegionFactoryInitiator    : HHH000026: Second-level cache disabled
2024-07-20T13:46:54.776+02:00  INFO 13721 --- [API] [restartedMain] o.s.o.j.p.SpringPersistenceUnitInfo      : No LoadTimeWeaver setup: ignoring JPA class transformer
2024-07-20T13:46:54.777+02:00  INFO 13721 --- [API] [restartedMain] com.zaxxer.hikari.HikariDataSource       : HikariPool-12 - Starting...
2024-07-20T13:46:54.810+02:00  INFO 13721 --- [API] [restartedMain] com.zaxxer.hikari.pool.HikariPool        : HikariPool-12 - Added connection org.postgresql.jdbc.PgConnection@5bc2af31
2024-07-20T13:46:54.811+02:00  INFO 13721 --- [API] [restartedMain] com.zaxxer.hikari.HikariDataSource       : HikariPool-12 - Start completed.
2024-07-20T13:46:54.854+02:00  INFO 13721 --- [API] [restartedMain] o.h.e.t.j.p.i.JtaPlatformInitiator       : HHH000489: No JTA platform available (set 'hibernate.transaction.jta.platform' to enable JTA platform integration)
2024-07-20T13:46:54.881+02:00  INFO 13721 --- [API] [restartedMain] j.LocalContainerEntityManagerFactoryBean : Initialized JPA EntityManagerFactory for persistence unit 'default'
2024-07-20T13:46:55.074+02:00  INFO 13721 --- [API] [restartedMain] o.s.b.d.a.OptionalLiveReloadServer       : LiveReload server is running on port 35729
2024-07-20T13:46:55.087+02:00  INFO 13721 --- [API] [restartedMain] o.s.b.w.embedded.tomcat.TomcatWebServer  : Tomcat started on port 8080 (http) with context path ''
2024-07-20T13:46:55.092+02:00  INFO 13721 --- [API] [restartedMain] com.sportsminder.api.ApiApplication      : Started ApiApplication in 0.572 seconds (process running for 3315.504)
2024-07-20T13:46:55.094+02:00  INFO 13721 --- [API] [restartedMain] .ConditionEvaluationDeltaLoggingListener : Condition evaluation unchanged
